                                                                                                                        
>>>>>>>>>>>>>>>>>>>>>>>>>>>>>>>>>>>>>>>>>>>>>>>>>>>>>>>>>>>>>>>>>>>>>>>>>>>>>>>>>>>>>>>>>>>>>>>>>>>>>>>>>>>>>>>>>>>>>>>>
2024-09-20 12:45:01,096 - INFO - START NSP_OEC_Training_Chapter_7 =============================================
2024-09-20 12:45:01,096 - INFO - START NSP_OEC_Training_Chapter_7 Start Time = 2024-09-20 12:45:01
2024-09-20 12:45:01,097 - INFO - NSP_OEC_Training_Chapter_7 Step 0 - Initialize the configuration file parser
2024-09-20 12:45:01,097 - INFO - Process NSP_OEC_Training_Chapter_7 Step 0 - Initializing and starting Logging Process.
2024-09-20 12:45:01,127 - INFO - PERFORMANCE NSP_OEC_Training_Chapter_7 The total process duration was:0.03
2024-09-20 12:45:01,127 - INFO - PERFORMANCE NSP_OEC_Training_Chapter_7 Stop Time = 2024-09-20 12:45:01
2024-09-20 12:45:01,128 - INFO - PERFORMANCE NSP_OEC_Training_Chapter_7 Short process duration less than 3 Seconds:0.03
2024-09-20 12:45:01,128 - INFO - PERFORMANCE NSP_OEC_Training_Chapter_7 Performance optimization is not reccomended
2024-09-20 12:45:01,128 - INFO - END NSP_OEC_Training_Chapter_7 =============================================

<<<<<<<<<<<<<<<<<<<<<<<<<<<<<<<<<<<<<<<<<<<<<<<<<<<<<<<<<<<<<<<<<<<<<<<<<<<<<<<<<<<<<<<<<<<<<<<<<<<<<<<<<<<<<<<<<<<<<<<<
                                                                                                                        
                                                                                                                        
>>>>>>>>>>>>>>>>>>>>>>>>>>>>>>>>>>>>>>>>>>>>>>>>>>>>>>>>>>>>>>>>>>>>>>>>>>>>>>>>>>>>>>>>>>>>>>>>>>>>>>>>>>>>>>>>>>>>>>>>
2024-09-20 14:13:46,847 - INFO - START NSP_OEC_Training_Chapter_7 =============================================
2024-09-20 14:13:46,848 - INFO - START NSP_OEC_Training_Chapter_7 Start Time = 2024-09-20 14:13:46
2024-09-20 14:13:46,848 - INFO - NSP_OEC_Training_Chapter_7 Step 0 - Initialize the configuration file parser
2024-09-20 14:13:46,848 - INFO - Process NSP_OEC_Training_Chapter_7 Step 0 - Initializing and starting Logging Process.
2024-09-20 14:13:46,895 - INFO - PERFORMANCE NSP_OEC_Training_Chapter_7 The total process duration was:0.05
2024-09-20 14:13:46,896 - INFO - PERFORMANCE NSP_OEC_Training_Chapter_7 Stop Time = 2024-09-20 14:13:46
2024-09-20 14:13:46,896 - INFO - PERFORMANCE NSP_OEC_Training_Chapter_7 Short process duration less than 3 Seconds:0.05
2024-09-20 14:13:46,896 - INFO - PERFORMANCE NSP_OEC_Training_Chapter_7 Performance optimization is not reccomended
2024-09-20 14:13:46,896 - INFO - END NSP_OEC_Training_Chapter_7 =============================================

<<<<<<<<<<<<<<<<<<<<<<<<<<<<<<<<<<<<<<<<<<<<<<<<<<<<<<<<<<<<<<<<<<<<<<<<<<<<<<<<<<<<<<<<<<<<<<<<<<<<<<<<<<<<<<<<<<<<<<<<
                                                                                                                        
                                                                                                                        
>>>>>>>>>>>>>>>>>>>>>>>>>>>>>>>>>>>>>>>>>>>>>>>>>>>>>>>>>>>>>>>>>>>>>>>>>>>>>>>>>>>>>>>>>>>>>>>>>>>>>>>>>>>>>>>>>>>>>>>>
2024-09-20 14:21:12,500 - INFO - START NSP_OEC_Training_Chapter_7 =============================================
2024-09-20 14:21:12,501 - INFO - START NSP_OEC_Training_Chapter_7 Start Time = 2024-09-20 14:21:12
2024-09-20 14:21:12,501 - INFO - NSP_OEC_Training_Chapter_7 Step 0 - Initialize the configuration file parser
2024-09-20 14:21:12,501 - INFO - Process NSP_OEC_Training_Chapter_7 Step 0 - Initializing and starting Logging Process.
2024-09-20 14:21:12,546 - INFO - PERFORMANCE NSP_OEC_Training_Chapter_7 The total process duration was:0.05
2024-09-20 14:21:12,546 - INFO - PERFORMANCE NSP_OEC_Training_Chapter_7 Stop Time = 2024-09-20 14:21:12
2024-09-20 14:21:12,547 - INFO - PERFORMANCE NSP_OEC_Training_Chapter_7 Short process duration less than 3 Seconds:0.05
2024-09-20 14:21:12,547 - INFO - PERFORMANCE NSP_OEC_Training_Chapter_7 Performance optimization is not reccomended
2024-09-20 14:21:12,547 - INFO - END NSP_OEC_Training_Chapter_7 =============================================

<<<<<<<<<<<<<<<<<<<<<<<<<<<<<<<<<<<<<<<<<<<<<<<<<<<<<<<<<<<<<<<<<<<<<<<<<<<<<<<<<<<<<<<<<<<<<<<<<<<<<<<<<<<<<<<<<<<<<<<<
                                                                                                                        
                                                                                                                        
>>>>>>>>>>>>>>>>>>>>>>>>>>>>>>>>>>>>>>>>>>>>>>>>>>>>>>>>>>>>>>>>>>>>>>>>>>>>>>>>>>>>>>>>>>>>>>>>>>>>>>>>>>>>>>>>>>>>>>>>
2024-09-20 19:52:47,309 - INFO - START NSP_OEC_Training_Chapter_7 =============================================
2024-09-20 19:52:47,309 - INFO - START NSP_OEC_Training_Chapter_7 Start Time = 2024-09-20 19:52:47
2024-09-20 19:52:47,309 - INFO - NSP_OEC_Training_Chapter_7 Step 0 - Initialize the configuration file parser
2024-09-20 19:52:47,310 - INFO - Process NSP_OEC_Training_Chapter_7 Step 0 - Initializing and starting Logging Process.
2024-09-20 19:52:47,357 - INFO - PERFORMANCE NSP_OEC_Training_Chapter_7 The total process duration was:0.05
2024-09-20 19:52:47,357 - INFO - PERFORMANCE NSP_OEC_Training_Chapter_7 Stop Time = 2024-09-20 19:52:47
2024-09-20 19:52:47,357 - INFO - PERFORMANCE NSP_OEC_Training_Chapter_7 Short process duration less than 3 Seconds:0.05
2024-09-20 19:52:47,357 - INFO - PERFORMANCE NSP_OEC_Training_Chapter_7 Performance optimization is not reccomended
2024-09-20 19:52:47,357 - INFO - END NSP_OEC_Training_Chapter_7 =============================================

<<<<<<<<<<<<<<<<<<<<<<<<<<<<<<<<<<<<<<<<<<<<<<<<<<<<<<<<<<<<<<<<<<<<<<<<<<<<<<<<<<<<<<<<<<<<<<<<<<<<<<<<<<<<<<<<<<<<<<<<
                                                                                                                        
                                                                                                                        
>>>>>>>>>>>>>>>>>>>>>>>>>>>>>>>>>>>>>>>>>>>>>>>>>>>>>>>>>>>>>>>>>>>>>>>>>>>>>>>>>>>>>>>>>>>>>>>>>>>>>>>>>>>>>>>>>>>>>>>>
2024-09-20 22:25:12,853 - INFO - START NSP_OEC_Training_Chapter_7 =============================================
2024-09-20 22:25:12,853 - INFO - START NSP_OEC_Training_Chapter_7 Start Time = 2024-09-20 22:25:12
2024-09-20 22:25:12,853 - INFO - NSP_OEC_Training_Chapter_7 Step 0 - Initialize the configuration file parser
2024-09-20 22:25:12,855 - INFO - Process NSP_OEC_Training_Chapter_7 Step 0 - Initializing and starting Logging Process.
2024-09-20 22:25:12,899 - INFO - PERFORMANCE NSP_OEC_Training_Chapter_7 The total process duration was:0.05
2024-09-20 22:25:12,899 - INFO - PERFORMANCE NSP_OEC_Training_Chapter_7 Stop Time = 2024-09-20 22:25:12
2024-09-20 22:25:12,899 - INFO - PERFORMANCE NSP_OEC_Training_Chapter_7 Short process duration less than 3 Seconds:0.05
2024-09-20 22:25:12,899 - INFO - PERFORMANCE NSP_OEC_Training_Chapter_7 Performance optimization is not reccomended
2024-09-20 22:25:12,899 - INFO - END NSP_OEC_Training_Chapter_7 =============================================

<<<<<<<<<<<<<<<<<<<<<<<<<<<<<<<<<<<<<<<<<<<<<<<<<<<<<<<<<<<<<<<<<<<<<<<<<<<<<<<<<<<<<<<<<<<<<<<<<<<<<<<<<<<<<<<<<<<<<<<<
                                                                                                                        
                                                                                                                        
>>>>>>>>>>>>>>>>>>>>>>>>>>>>>>>>>>>>>>>>>>>>>>>>>>>>>>>>>>>>>>>>>>>>>>>>>>>>>>>>>>>>>>>>>>>>>>>>>>>>>>>>>>>>>>>>>>>>>>>>
2024-09-20 22:27:04,889 - INFO - START NSP_OEC_Training_Chapter_7 =============================================
2024-09-20 22:27:04,889 - INFO - START NSP_OEC_Training_Chapter_7 Start Time = 2024-09-20 22:27:04
2024-09-20 22:27:04,889 - INFO - NSP_OEC_Training_Chapter_7 Step 0 - Initialize the configuration file parser
2024-09-20 22:27:04,890 - INFO - Process NSP_OEC_Training_Chapter_7 Step 0 - Initializing and starting Logging Process.
2024-09-20 22:27:04,934 - INFO - PERFORMANCE NSP_OEC_Training_Chapter_7 The total process duration was:0.05
2024-09-20 22:27:04,935 - INFO - PERFORMANCE NSP_OEC_Training_Chapter_7 Stop Time = 2024-09-20 22:27:04
2024-09-20 22:27:04,935 - INFO - PERFORMANCE NSP_OEC_Training_Chapter_7 Short process duration less than 3 Seconds:0.05
2024-09-20 22:27:04,935 - INFO - PERFORMANCE NSP_OEC_Training_Chapter_7 Performance optimization is not reccomended
2024-09-20 22:27:04,935 - INFO - END NSP_OEC_Training_Chapter_7 =============================================

<<<<<<<<<<<<<<<<<<<<<<<<<<<<<<<<<<<<<<<<<<<<<<<<<<<<<<<<<<<<<<<<<<<<<<<<<<<<<<<<<<<<<<<<<<<<<<<<<<<<<<<<<<<<<<<<<<<<<<<<
                                                                                                                        
                                                                                                                        
>>>>>>>>>>>>>>>>>>>>>>>>>>>>>>>>>>>>>>>>>>>>>>>>>>>>>>>>>>>>>>>>>>>>>>>>>>>>>>>>>>>>>>>>>>>>>>>>>>>>>>>>>>>>>>>>>>>>>>>>
2024-09-20 23:05:42,689 - INFO - START NSP_OEC_Training_Chapter_7 =============================================
2024-09-20 23:05:42,689 - INFO - START NSP_OEC_Training_Chapter_7 Start Time = 2024-09-20 23:05:42
2024-09-20 23:05:42,689 - INFO - NSP_OEC_Training_Chapter_7 Step 0 - Initialize the configuration file parser
2024-09-20 23:05:42,690 - INFO - Process NSP_OEC_Training_Chapter_7 Step 0 - Initializing and starting Logging Process.
2024-09-20 23:05:42,734 - INFO - PERFORMANCE NSP_OEC_Training_Chapter_7 The total process duration was:0.04
2024-09-20 23:05:42,734 - INFO - PERFORMANCE NSP_OEC_Training_Chapter_7 Stop Time = 2024-09-20 23:05:42
2024-09-20 23:05:42,734 - INFO - PERFORMANCE NSP_OEC_Training_Chapter_7 Short process duration less than 3 Seconds:0.04
2024-09-20 23:05:42,734 - INFO - PERFORMANCE NSP_OEC_Training_Chapter_7 Performance optimization is not reccomended
2024-09-20 23:05:42,734 - INFO - END NSP_OEC_Training_Chapter_7 =============================================

<<<<<<<<<<<<<<<<<<<<<<<<<<<<<<<<<<<<<<<<<<<<<<<<<<<<<<<<<<<<<<<<<<<<<<<<<<<<<<<<<<<<<<<<<<<<<<<<<<<<<<<<<<<<<<<<<<<<<<<<
                                                                                                                        
                                                                                                                        
>>>>>>>>>>>>>>>>>>>>>>>>>>>>>>>>>>>>>>>>>>>>>>>>>>>>>>>>>>>>>>>>>>>>>>>>>>>>>>>>>>>>>>>>>>>>>>>>>>>>>>>>>>>>>>>>>>>>>>>>
2024-09-20 23:16:22,118 - INFO - START NSP_OEC_Training_Chapter_7 =============================================
2024-09-20 23:16:22,119 - INFO - START NSP_OEC_Training_Chapter_7 Start Time = 2024-09-20 23:16:22
2024-09-20 23:16:22,119 - INFO - NSP_OEC_Training_Chapter_7 Step 0 - Initialize the configuration file parser
2024-09-20 23:16:22,119 - INFO - Process NSP_OEC_Training_Chapter_7 Step 0 - Initializing and starting Logging Process.
2024-09-20 23:16:22,164 - INFO - PERFORMANCE NSP_OEC_Training_Chapter_7 The total process duration was:0.05
2024-09-20 23:16:22,164 - INFO - PERFORMANCE NSP_OEC_Training_Chapter_7 Stop Time = 2024-09-20 23:16:22
2024-09-20 23:16:22,164 - INFO - PERFORMANCE NSP_OEC_Training_Chapter_7 Short process duration less than 3 Seconds:0.05
2024-09-20 23:16:22,165 - INFO - PERFORMANCE NSP_OEC_Training_Chapter_7 Performance optimization is not reccomended
2024-09-20 23:16:22,165 - INFO - END NSP_OEC_Training_Chapter_7 =============================================

<<<<<<<<<<<<<<<<<<<<<<<<<<<<<<<<<<<<<<<<<<<<<<<<<<<<<<<<<<<<<<<<<<<<<<<<<<<<<<<<<<<<<<<<<<<<<<<<<<<<<<<<<<<<<<<<<<<<<<<<
                                                                                                                        
                                                                                                                        
>>>>>>>>>>>>>>>>>>>>>>>>>>>>>>>>>>>>>>>>>>>>>>>>>>>>>>>>>>>>>>>>>>>>>>>>>>>>>>>>>>>>>>>>>>>>>>>>>>>>>>>>>>>>>>>>>>>>>>>>
2024-09-23 00:31:35,687 - INFO - START NSP_OEC_Training_Chapter_7 =============================================
2024-09-23 00:31:35,687 - INFO - START NSP_OEC_Training_Chapter_7 Start Time = 2024-09-23 00:31:35
2024-09-23 00:31:35,687 - INFO - NSP_OEC_Training_Chapter_7 Step 0 - Initialize the configuration file parser
2024-09-23 00:31:35,688 - INFO - Process NSP_OEC_Training_Chapter_7 Step 0 - Initializing and starting Logging Process.
2024-09-23 00:31:35,734 - INFO - PERFORMANCE NSP_OEC_Training_Chapter_7 The total process duration was:0.05
2024-09-23 00:31:35,734 - INFO - PERFORMANCE NSP_OEC_Training_Chapter_7 Stop Time = 2024-09-23 00:31:35
2024-09-23 00:31:35,734 - INFO - PERFORMANCE NSP_OEC_Training_Chapter_7 Short process duration less than 3 Seconds:0.05
2024-09-23 00:31:35,734 - INFO - PERFORMANCE NSP_OEC_Training_Chapter_7 Performance optimization is not reccomended
2024-09-23 00:31:35,734 - INFO - END NSP_OEC_Training_Chapter_7 =============================================

<<<<<<<<<<<<<<<<<<<<<<<<<<<<<<<<<<<<<<<<<<<<<<<<<<<<<<<<<<<<<<<<<<<<<<<<<<<<<<<<<<<<<<<<<<<<<<<<<<<<<<<<<<<<<<<<<<<<<<<<
                                                                                                                        
                                                                                                                        
>>>>>>>>>>>>>>>>>>>>>>>>>>>>>>>>>>>>>>>>>>>>>>>>>>>>>>>>>>>>>>>>>>>>>>>>>>>>>>>>>>>>>>>>>>>>>>>>>>>>>>>>>>>>>>>>>>>>>>>>
2024-09-23 00:31:49,335 - INFO - START NSP_OEC_Training_Chapter_7 =============================================
2024-09-23 00:31:49,335 - INFO - START NSP_OEC_Training_Chapter_7 Start Time = 2024-09-23 00:31:49
2024-09-23 00:31:49,336 - INFO - NSP_OEC_Training_Chapter_7 Step 0 - Initialize the configuration file parser
2024-09-23 00:31:49,336 - INFO - Process NSP_OEC_Training_Chapter_7 Step 0 - Initializing and starting Logging Process.
2024-09-23 00:31:49,395 - INFO - PERFORMANCE NSP_OEC_Training_Chapter_7 The total process duration was:0.06
2024-09-23 00:31:49,395 - INFO - PERFORMANCE NSP_OEC_Training_Chapter_7 Stop Time = 2024-09-23 00:31:49
2024-09-23 00:31:49,395 - INFO - PERFORMANCE NSP_OEC_Training_Chapter_7 Short process duration less than 3 Seconds:0.06
2024-09-23 00:31:49,395 - INFO - PERFORMANCE NSP_OEC_Training_Chapter_7 Performance optimization is not reccomended
2024-09-23 00:31:49,396 - INFO - END NSP_OEC_Training_Chapter_7 =============================================

<<<<<<<<<<<<<<<<<<<<<<<<<<<<<<<<<<<<<<<<<<<<<<<<<<<<<<<<<<<<<<<<<<<<<<<<<<<<<<<<<<<<<<<<<<<<<<<<<<<<<<<<<<<<<<<<<<<<<<<<
                                                                                                                        
                                                                                                                        
>>>>>>>>>>>>>>>>>>>>>>>>>>>>>>>>>>>>>>>>>>>>>>>>>>>>>>>>>>>>>>>>>>>>>>>>>>>>>>>>>>>>>>>>>>>>>>>>>>>>>>>>>>>>>>>>>>>>>>>>
2024-10-01 21:33:56,410 - INFO - START NSP_OEC_Training_Chapter_7 =============================================
2024-10-01 21:33:56,410 - INFO - START NSP_OEC_Training_Chapter_7 Start Time = 2024-10-01 21:33:56
2024-10-01 21:33:56,410 - INFO - NSP_OEC_Training_Chapter_7 Step 0 - Initialize the configuration file parser
2024-10-01 21:33:56,411 - INFO - Process NSP_OEC_Training_Chapter_7 Step 0 - Initializing and starting Logging Process.
2024-10-01 21:33:56,456 - INFO - PERFORMANCE NSP_OEC_Training_Chapter_7 The total process duration was:0.05
2024-10-01 21:33:56,456 - INFO - PERFORMANCE NSP_OEC_Training_Chapter_7 Stop Time = 2024-10-01 21:33:56
2024-10-01 21:33:56,456 - INFO - PERFORMANCE NSP_OEC_Training_Chapter_7 Short process duration less than 3 Seconds:0.05
2024-10-01 21:33:56,456 - INFO - PERFORMANCE NSP_OEC_Training_Chapter_7 Performance optimization is not reccomended
2024-10-01 21:33:56,456 - INFO - END NSP_OEC_Training_Chapter_7 =============================================

<<<<<<<<<<<<<<<<<<<<<<<<<<<<<<<<<<<<<<<<<<<<<<<<<<<<<<<<<<<<<<<<<<<<<<<<<<<<<<<<<<<<<<<<<<<<<<<<<<<<<<<<<<<<<<<<<<<<<<<<
                                                                                                                        
                                                                                                                        
>>>>>>>>>>>>>>>>>>>>>>>>>>>>>>>>>>>>>>>>>>>>>>>>>>>>>>>>>>>>>>>>>>>>>>>>>>>>>>>>>>>>>>>>>>>>>>>>>>>>>>>>>>>>>>>>>>>>>>>>
2024-10-01 21:57:24,044 - INFO - START NSP_OEC_Training_Chapter_7 =============================================
2024-10-01 21:57:24,044 - INFO - START NSP_OEC_Training_Chapter_7 Start Time = 2024-10-01 21:57:24
2024-10-01 21:57:24,044 - INFO - NSP_OEC_Training_Chapter_7 Step 0 - Initialize the configuration file parser
2024-10-01 21:57:24,045 - INFO - Process NSP_OEC_Training_Chapter_7 Step 0 - Initializing and starting Logging Process.
2024-10-01 21:57:24,106 - INFO - PERFORMANCE NSP_OEC_Training_Chapter_7 The total process duration was:0.06
2024-10-01 21:57:24,107 - INFO - PERFORMANCE NSP_OEC_Training_Chapter_7 Stop Time = 2024-10-01 21:57:24
2024-10-01 21:57:24,107 - INFO - PERFORMANCE NSP_OEC_Training_Chapter_7 Short process duration less than 3 Seconds:0.06
2024-10-01 21:57:24,107 - INFO - PERFORMANCE NSP_OEC_Training_Chapter_7 Performance optimization is not reccomended
2024-10-01 21:57:24,107 - INFO - END NSP_OEC_Training_Chapter_7 =============================================

<<<<<<<<<<<<<<<<<<<<<<<<<<<<<<<<<<<<<<<<<<<<<<<<<<<<<<<<<<<<<<<<<<<<<<<<<<<<<<<<<<<<<<<<<<<<<<<<<<<<<<<<<<<<<<<<<<<<<<<<
                                                                                                                        
                                                                                                                        
>>>>>>>>>>>>>>>>>>>>>>>>>>>>>>>>>>>>>>>>>>>>>>>>>>>>>>>>>>>>>>>>>>>>>>>>>>>>>>>>>>>>>>>>>>>>>>>>>>>>>>>>>>>>>>>>>>>>>>>>
2024-10-01 21:57:59,810 - INFO - START NSP_OEC_Training_Chapter_7 =============================================
2024-10-01 21:57:59,810 - INFO - START NSP_OEC_Training_Chapter_7 Start Time = 2024-10-01 21:57:59
2024-10-01 21:57:59,810 - INFO - NSP_OEC_Training_Chapter_7 Step 0 - Initialize the configuration file parser
2024-10-01 21:57:59,811 - INFO - Process NSP_OEC_Training_Chapter_7 Step 0 - Initializing and starting Logging Process.
2024-10-01 21:57:59,869 - INFO - PERFORMANCE NSP_OEC_Training_Chapter_7 The total process duration was:0.06
2024-10-01 21:57:59,869 - INFO - PERFORMANCE NSP_OEC_Training_Chapter_7 Stop Time = 2024-10-01 21:57:59
2024-10-01 21:57:59,869 - INFO - PERFORMANCE NSP_OEC_Training_Chapter_7 Short process duration less than 3 Seconds:0.06
2024-10-01 21:57:59,869 - INFO - PERFORMANCE NSP_OEC_Training_Chapter_7 Performance optimization is not reccomended
2024-10-01 21:57:59,869 - INFO - END NSP_OEC_Training_Chapter_7 =============================================

<<<<<<<<<<<<<<<<<<<<<<<<<<<<<<<<<<<<<<<<<<<<<<<<<<<<<<<<<<<<<<<<<<<<<<<<<<<<<<<<<<<<<<<<<<<<<<<<<<<<<<<<<<<<<<<<<<<<<<<<
                                                                                                                        
                                                                                                                        
>>>>>>>>>>>>>>>>>>>>>>>>>>>>>>>>>>>>>>>>>>>>>>>>>>>>>>>>>>>>>>>>>>>>>>>>>>>>>>>>>>>>>>>>>>>>>>>>>>>>>>>>>>>>>>>>>>>>>>>>
2024-10-01 22:12:34,825 - INFO - START NSP_OEC_Training_Chapter_7 =============================================
2024-10-01 22:12:34,825 - INFO - START NSP_OEC_Training_Chapter_7 Start Time = 2024-10-01 22:12:34
2024-10-01 22:12:34,825 - INFO - NSP_OEC_Training_Chapter_7 Step 0 - Initialize the configuration file parser
2024-10-01 22:12:34,826 - INFO - Process NSP_OEC_Training_Chapter_7 Step 0 - Initializing and starting Logging Process.
2024-10-01 22:12:34,934 - INFO - PERFORMANCE NSP_OEC_Training_Chapter_7 The total process duration was:0.11
2024-10-01 22:12:34,934 - INFO - PERFORMANCE NSP_OEC_Training_Chapter_7 Stop Time = 2024-10-01 22:12:34
2024-10-01 22:12:34,934 - INFO - PERFORMANCE NSP_OEC_Training_Chapter_7 Short process duration less than 3 Seconds:0.11
2024-10-01 22:12:34,934 - INFO - PERFORMANCE NSP_OEC_Training_Chapter_7 Performance optimization is not reccomended
2024-10-01 22:12:34,934 - INFO - END NSP_OEC_Training_Chapter_7 =============================================

<<<<<<<<<<<<<<<<<<<<<<<<<<<<<<<<<<<<<<<<<<<<<<<<<<<<<<<<<<<<<<<<<<<<<<<<<<<<<<<<<<<<<<<<<<<<<<<<<<<<<<<<<<<<<<<<<<<<<<<<
                                                                                                                        
                                                                                                                        
>>>>>>>>>>>>>>>>>>>>>>>>>>>>>>>>>>>>>>>>>>>>>>>>>>>>>>>>>>>>>>>>>>>>>>>>>>>>>>>>>>>>>>>>>>>>>>>>>>>>>>>>>>>>>>>>>>>>>>>>
2024-10-01 22:13:36,170 - INFO - START NSP_OEC_Training_Chapter_7 =============================================
2024-10-01 22:13:36,170 - INFO - START NSP_OEC_Training_Chapter_7 Start Time = 2024-10-01 22:13:36
2024-10-01 22:13:36,170 - INFO - NSP_OEC_Training_Chapter_7 Step 0 - Initialize the configuration file parser
2024-10-01 22:13:36,172 - INFO - Process NSP_OEC_Training_Chapter_7 Step 0 - Initializing and starting Logging Process.
2024-10-01 22:13:36,340 - INFO - PERFORMANCE NSP_OEC_Training_Chapter_7 The total process duration was:0.17
2024-10-01 22:13:36,341 - INFO - PERFORMANCE NSP_OEC_Training_Chapter_7 Stop Time = 2024-10-01 22:13:36
2024-10-01 22:13:36,341 - INFO - PERFORMANCE NSP_OEC_Training_Chapter_7 Short process duration less than 3 Seconds:0.17
2024-10-01 22:13:36,341 - INFO - PERFORMANCE NSP_OEC_Training_Chapter_7 Performance optimization is not reccomended
2024-10-01 22:13:36,341 - INFO - END NSP_OEC_Training_Chapter_7 =============================================

<<<<<<<<<<<<<<<<<<<<<<<<<<<<<<<<<<<<<<<<<<<<<<<<<<<<<<<<<<<<<<<<<<<<<<<<<<<<<<<<<<<<<<<<<<<<<<<<<<<<<<<<<<<<<<<<<<<<<<<<
                                                                                                                        
                                                                                                                        
>>>>>>>>>>>>>>>>>>>>>>>>>>>>>>>>>>>>>>>>>>>>>>>>>>>>>>>>>>>>>>>>>>>>>>>>>>>>>>>>>>>>>>>>>>>>>>>>>>>>>>>>>>>>>>>>>>>>>>>>
2024-10-02 01:39:25,483 - INFO - START NSP_OEC_Training_Chapter_7 =============================================
2024-10-02 01:39:25,483 - INFO - START NSP_OEC_Training_Chapter_7 Start Time = 2024-10-02 01:39:25
2024-10-02 01:39:25,483 - INFO - NSP_OEC_Training_Chapter_7 Step 0 - Initialize the configuration file parser
2024-10-02 01:39:25,484 - INFO - Process NSP_OEC_Training_Chapter_7 Step 0 - Initializing and starting Logging Process.
2024-10-02 01:39:25,589 - INFO - PERFORMANCE NSP_OEC_Training_Chapter_7 The total process duration was:0.11
2024-10-02 01:39:25,589 - INFO - PERFORMANCE NSP_OEC_Training_Chapter_7 Stop Time = 2024-10-02 01:39:25
2024-10-02 01:39:25,589 - INFO - PERFORMANCE NSP_OEC_Training_Chapter_7 Short process duration less than 3 Seconds:0.11
2024-10-02 01:39:25,589 - INFO - PERFORMANCE NSP_OEC_Training_Chapter_7 Performance optimization is not reccomended
2024-10-02 01:39:25,589 - INFO - END NSP_OEC_Training_Chapter_7 =============================================

<<<<<<<<<<<<<<<<<<<<<<<<<<<<<<<<<<<<<<<<<<<<<<<<<<<<<<<<<<<<<<<<<<<<<<<<<<<<<<<<<<<<<<<<<<<<<<<<<<<<<<<<<<<<<<<<<<<<<<<<
                                                                                                                        
